TN:
SF:src/data-source.ts
FNF:0
FNH:0
DA:1,1
DA:2,1
DA:3,1
DA:4,1
DA:5,1
DA:6,1
DA:7,1
DA:8,1
DA:9,1
DA:10,1
DA:11,1
DA:12,1
DA:13,1
DA:14,1
DA:15,1
DA:16,1
DA:17,1
LF:17
LH:17
BRF:0
BRH:0
end_of_record
TN:
SF:src/entities/User.ts
FNF:0
FNH:0
DA:1,1
DA:2,1
DA:3,1
DA:4,1
DA:5,1
DA:6,1
DA:7,1
DA:8,1
DA:9,1
DA:10,1
DA:11,1
DA:12,1
DA:13,1
DA:14,1
DA:15,1
DA:16,1
DA:17,1
DA:18,1
LF:18
LH:18
BRF:0
BRH:0
end_of_record
TN:
SF:src/migrations/1723360574045-init.ts
FN:3,Init1723360574045
FN:6,_callee
FN:10,_callee2
FNF:3
FNH:1
FNDA:1,Init1723360574045
FNDA:0,_callee
FNDA:0,_callee2
DA:1,1
DA:2,1
DA:3,1
DA:4,1
DA:5,1
DA:6,1
DA:7,1
DA:8,1
DA:9,1
DA:10,1
DA:11,0
DA:12,1
DA:13,1
DA:14,1
LF:14
LH:13
BRDA:3,0,0,1
BRDA:3,1,0,1
BRDA:5,2,0,1
BRDA:6,3,0,1
BRF:4
BRH:4
end_of_record
TN:
SF:src/repositories/UserRepository.ts
FN:7,UserRepository
FN:11,query
FNF:2
FNH:2
FNDA:1,UserRepository
FNDA:2,query
DA:1,1
DA:2,1
DA:3,1
DA:4,1
DA:5,1
DA:6,1
DA:7,1
DA:8,1
DA:9,1
DA:10,1
DA:11,1
DA:12,2
DA:13,2
DA:14,1
DA:15,1
LF:15
LH:15
BRDA:4,0,0,1
BRDA:7,1,0,1
BRDA:11,2,0,2
BRF:3
BRH:3
end_of_record
TN:
SF:tests/faker/UserEntityBuilder.ts
FN:5,UserEntityBuilder
FN:8,setFirstName
FN:13,setLastName
FN:18,setAge
FN:23,save
FN:30,build
FNF:6
FNH:4
FNDA:1,UserEntityBuilder
FNDA:0,setFirstName
FNDA:1,setLastName
FNDA:0,setAge
FNDA:1,save
FNDA:1,build
DA:1,1
DA:2,1
DA:3,1
DA:4,1
DA:5,1
DA:6,1
DA:7,1
DA:8,1
DA:9,0
DA:10,0
DA:11,0
DA:12,1
DA:13,1
DA:14,1
DA:15,1
DA:16,1
DA:17,1
DA:18,1
DA:19,0
DA:20,0
DA:21,0
DA:22,1
DA:23,1
DA:24,1
DA:25,1
DA:26,1
DA:27,1
DA:28,1
DA:29,1
DA:30,1
DA:31,1
DA:32,1
DA:33,1
DA:34,1
DA:35,1
LF:35
LH:29
BRDA:5,0,0,1
BRDA:5,1,0,1
BRDA:13,2,0,1
BRDA:23,3,0,1
BRDA:25,4,0,0
BRDA:30,5,0,1
BRF:6
BRH:5
end_of_record
TN:
SF:tests/faker/index.ts
FN:3,anyName
FN:5,anyNumber
FNF:2
FNH:2
FNDA:1,anyName
FNDA:1,anyNumber
DA:1,1
DA:2,1
DA:3,1
DA:4,1
DA:5,1
LF:5
LH:5
BRDA:3,0,0,1
BRDA:5,1,0,1
BRF:2
BRH:2
end_of_record
